mode: atomic
github.com/LordCeilan/go-gopher-grpc/cmd/server.go:42.47,44.17 2 0
github.com/LordCeilan/go-gopher-grpc/cmd/server.go:48.3,53.47 4 0
github.com/LordCeilan/go-gopher-grpc/cmd/server.go:44.17,46.4 1 0
github.com/LordCeilan/go-gopher-grpc/cmd/server.go:53.47,55.4 1 0
github.com/LordCeilan/go-gopher-grpc/cmd/server.go:59.97,62.16 2 4
github.com/LordCeilan/go-gopher-grpc/cmd/server.go:67.2,67.20 1 3
github.com/LordCeilan/go-gopher-grpc/cmd/server.go:72.2,76.16 3 2
github.com/LordCeilan/go-gopher-grpc/cmd/server.go:83.2,85.16 2 2
github.com/LordCeilan/go-gopher-grpc/cmd/server.go:89.2,91.33 2 2
github.com/LordCeilan/go-gopher-grpc/cmd/server.go:114.2,114.17 1 2
github.com/LordCeilan/go-gopher-grpc/cmd/server.go:62.16,65.3 2 1
github.com/LordCeilan/go-gopher-grpc/cmd/server.go:67.20,70.3 2 1
github.com/LordCeilan/go-gopher-grpc/cmd/server.go:76.16,78.3 1 0
github.com/LordCeilan/go-gopher-grpc/cmd/server.go:85.16,87.3 1 0
github.com/LordCeilan/go-gopher-grpc/cmd/server.go:91.33,94.17 2 2
github.com/LordCeilan/go-gopher-grpc/cmd/server.go:98.3,100.17 3 2
github.com/LordCeilan/go-gopher-grpc/cmd/server.go:104.3,105.31 2 2
github.com/LordCeilan/go-gopher-grpc/cmd/server.go:109.3,109.33 1 2
github.com/LordCeilan/go-gopher-grpc/cmd/server.go:94.17,96.4 1 0
github.com/LordCeilan/go-gopher-grpc/cmd/server.go:100.17,102.4 1 0
github.com/LordCeilan/go-gopher-grpc/cmd/server.go:105.31,107.4 1 56
github.com/LordCeilan/go-gopher-grpc/cmd/server.go:111.8,113.3 1 0
github.com/LordCeilan/go-gopher-grpc/cmd/server.go:117.13,129.2 1 1
github.com/LordCeilan/go-gopher-grpc/cmd/client.go:24.47,28.17 3 0
github.com/LordCeilan/go-gopher-grpc/cmd/client.go:32.3,38.23 4 0
github.com/LordCeilan/go-gopher-grpc/cmd/client.go:42.3,46.17 4 0
github.com/LordCeilan/go-gopher-grpc/cmd/client.go:50.3,50.40 1 0
github.com/LordCeilan/go-gopher-grpc/cmd/client.go:28.17,30.4 1 0
github.com/LordCeilan/go-gopher-grpc/cmd/client.go:38.23,40.4 1 0
github.com/LordCeilan/go-gopher-grpc/cmd/client.go:46.17,48.4 1 0
github.com/LordCeilan/go-gopher-grpc/cmd/client.go:59.13,71.2 1 1
github.com/LordCeilan/go-gopher-grpc/cmd/root.go:24.16,26.16 2 0
github.com/LordCeilan/go-gopher-grpc/cmd/root.go:26.16,28.3 1 0
github.com/LordCeilan/go-gopher-grpc/cmd/root.go:31.13,41.2 1 1
